Started by user Jonathan Alexander Cedeño Morán
Obtained Jenkinsfile from git https://github.com/jonathancm24/practica_despliegue
[Pipeline] Start of Pipeline
[Pipeline] node
Running on Jenkins in /var/jenkins_home/workspace/comments-app-pipeline
[Pipeline] {
[Pipeline] stage
[Pipeline] { (Declarative: Checkout SCM)
[Pipeline] checkout
The recommended git tool is: git
No credentials specified
Cloning the remote Git repository
Cloning repository https://github.com/jonathancm24/practica_despliegue
 > git init /var/jenkins_home/workspace/comments-app-pipeline # timeout=10
Fetching upstream changes from https://github.com/jonathancm24/practica_despliegue
 > git --version # timeout=10
 > git --version # 'git version 2.39.5'
 > git fetch --tags --force --progress -- https://github.com/jonathancm24/practica_despliegue +refs/heads/*:refs/remotes/origin/* # timeout=10
 > git config remote.origin.url https://github.com/jonathancm24/practica_despliegue # timeout=10
 > git config --add remote.origin.fetch +refs/heads/*:refs/remotes/origin/* # timeout=10
Avoid second fetch
 > git rev-parse refs/remotes/origin/main^{commit} # timeout=10
Checking out Revision 98c974d15cfd2fef02585178dd374eaa55952b74 (refs/remotes/origin/main)
 > git config core.sparsecheckout # timeout=10
 > git checkout -f 98c974d15cfd2fef02585178dd374eaa55952b74 # timeout=10
Commit message: "una tonteria de una letra"
First time build. Skipping changelog.
[Pipeline] }
[Pipeline] // stage
[Pipeline] withEnv
[Pipeline] {
[Pipeline] stage
[Pipeline] { (Declarative: Tool Install)
[Pipeline] tool
Unpacking https://nodejs.org/dist/v24.5.0/node-v24.5.0-linux-x64.tar.gz to /var/jenkins_home/tools/jenkins.plugins.nodejs.tools.NodeJSInstallation/Node24 on Jenkins
[Pipeline] envVarsForTool
[Pipeline] tool
[Pipeline] envVarsForTool
[Pipeline] }
[Pipeline] // stage
[Pipeline] withEnv
[Pipeline] {
[Pipeline] stage
[Pipeline] { (Checkout)
[Pipeline] tool
[Pipeline] envVarsForTool
[Pipeline] tool
[Pipeline] envVarsForTool
[Pipeline] withEnv
[Pipeline] {
[Pipeline] script
[Pipeline] {
[Pipeline] echo
Descargando código del repositorio...
[Pipeline] checkout
The recommended git tool is: git
No credentials specified
 > git rev-parse --resolve-git-dir /var/jenkins_home/workspace/comments-app-pipeline/.git # timeout=10
Fetching changes from the remote Git repository
 > git config remote.origin.url https://github.com/jonathancm24/practica_despliegue # timeout=10
Fetching upstream changes from https://github.com/jonathancm24/practica_despliegue
 > git --version # timeout=10
 > git --version # 'git version 2.39.5'
 > git fetch --tags --force --progress -- https://github.com/jonathancm24/practica_despliegue +refs/heads/*:refs/remotes/origin/* # timeout=10
 > git rev-parse refs/remotes/origin/main^{commit} # timeout=10
Checking out Revision 98c974d15cfd2fef02585178dd374eaa55952b74 (refs/remotes/origin/main)
 > git config core.sparsecheckout # timeout=10
 > git checkout -f 98c974d15cfd2fef02585178dd374eaa55952b74 # timeout=10
Commit message: "una tonteria de una letra"
[Pipeline] }
[Pipeline] // script
[Pipeline] }
[Pipeline] // withEnv
[Pipeline] }
[Pipeline] // stage
[Pipeline] stage
[Pipeline] { (Instalar Dependencias)
[Pipeline] tool
[Pipeline] envVarsForTool
[Pipeline] tool
[Pipeline] envVarsForTool
[Pipeline] withEnv
[Pipeline] {
[Pipeline] script
[Pipeline] {
[Pipeline] echo
Instalando dependencias de Node.js...
[Pipeline] sh
+ npm install

added 1 package, and audited 361 packages in 1s

48 packages are looking for funding
  run `npm fund` for details

found 0 vulnerabilities
[Pipeline] }
[Pipeline] // script
[Pipeline] }
[Pipeline] // withEnv
[Pipeline] }
[Pipeline] // stage
[Pipeline] stage
[Pipeline] { (Ejecutar Tests)
[Pipeline] tool
[Pipeline] envVarsForTool
[Pipeline] tool
[Pipeline] envVarsForTool
[Pipeline] withEnv
[Pipeline] {
[Pipeline] script
[Pipeline] {
[Pipeline] echo
Ejecutando suite de tests...
[Pipeline] sh
+ npm test

> comments-app@1.0.0 test
> jest

sh: 1: jest: Permission denied
[Pipeline] }
[Pipeline] // script
Post stage
[Pipeline] script
[Pipeline] {
[Pipeline] fileExists
[Pipeline] }
[Pipeline] // script
[Pipeline] error
Error when executing failure post condition:
Also:   org.jenkinsci.plugins.workflow.actions.ErrorAction$ErrorId: 994b0ac3-4844-481b-b8e9-0b3cc362af39
hudson.AbortException: Los tests fallaron. No se procederá con el despliegue.
	at PluginClassLoader for workflow-basic-steps//org.jenkinsci.plugins.workflow.steps.ErrorStep$Execution.run(ErrorStep.java:64)
	at PluginClassLoader for workflow-basic-steps//org.jenkinsci.plugins.workflow.steps.ErrorStep$Execution.run(ErrorStep.java:51)
	at PluginClassLoader for workflow-step-api//org.jenkinsci.plugins.workflow.steps.SynchronousStepExecution.start(SynchronousStepExecution.java:38)
	at PluginClassLoader for workflow-cps//org.jenkinsci.plugins.workflow.cps.DSL.invokeStep(DSL.java:323)
	at PluginClassLoader for workflow-cps//org.jenkinsci.plugins.workflow.cps.DSL.invokeMethod(DSL.java:196)
	at PluginClassLoader for workflow-cps//org.jenkinsci.plugins.workflow.cps.CpsScript.invokeMethod(CpsScript.java:124)
	at java.base/jdk.internal.reflect.DirectMethodHandleAccessor.invoke(Unknown Source)
	at java.base/java.lang.reflect.Method.invoke(Unknown Source)
	at org.codehaus.groovy.reflection.CachedMethod.invoke(CachedMethod.java:98)
	at groovy.lang.MetaMethod.doMethodInvoke(MetaMethod.java:325)
	at groovy.lang.MetaClassImpl.invokeMethod(MetaClassImpl.java:1225)
	at groovy.lang.MetaClassImpl.invokeMethod(MetaClassImpl.java:1034)
	at org.codehaus.groovy.runtime.callsite.PogoMetaClassSite.call(PogoMetaClassSite.java:41)
	at org.codehaus.groovy.runtime.callsite.CallSiteArray.defaultCall(CallSiteArray.java:47)
	at org.codehaus.groovy.runtime.callsite.AbstractCallSite.call(AbstractCallSite.java:116)
	at PluginClassLoader for script-security//org.kohsuke.groovy.sandbox.impl.Checker$1.call(Checker.java:180)
	at PluginClassLoader for script-security//org.kohsuke.groovy.sandbox.GroovyInterceptor.onMethodCall(GroovyInterceptor.java:23)
	at PluginClassLoader for script-security//org.jenkinsci.plugins.scriptsecurity.sandbox.groovy.SandboxInterceptor.onMethodCall(SandboxInterceptor.java:163)
	at PluginClassLoader for script-security//org.kohsuke.groovy.sandbox.impl.Checker$1.call(Checker.java:178)
	at PluginClassLoader for script-security//org.kohsuke.groovy.sandbox.impl.Checker.checkedCall(Checker.java:182)
	at PluginClassLoader for script-security//org.kohsuke.groovy.sandbox.impl.Checker.checkedCall(Checker.java:152)
	at PluginClassLoader for workflow-cps//com.cloudbees.groovy.cps.sandbox.SandboxInvoker.methodCall(SandboxInvoker.java:17)
	at PluginClassLoader for workflow-cps//org.jenkinsci.plugins.workflow.cps.LoggingInvoker.methodCall(LoggingInvoker.java:118)
	at WorkflowScript.run(WorkflowScript:49)
	at org.jenkinsci.plugins.pipeline.modeldefinition.ModelInterpreter.delegateAndExecute(ModelInterpreter.groovy:139)
	at org.jenkinsci.plugins.pipeline.modeldefinition.ModelInterpreter.runPostConditions(ModelInterpreter.groovy:728)
	at org.jenkinsci.plugins.pipeline.modeldefinition.ModelInterpreter.catchRequiredContextForNode(ModelInterpreter.groovy:390)
	at org.jenkinsci.plugins.pipeline.modeldefinition.ModelInterpreter.runPostConditions(ModelInterpreter.groovy:727)
	at com.cloudbees.groovy.cps.CpsDefaultGroovyMethods.each(CpsDefaultGroovyMethods:2125)
	at com.cloudbees.groovy.cps.CpsDefaultGroovyMethods.each(CpsDefaultGroovyMethods:2110)
	at com.cloudbees.groovy.cps.CpsDefaultGroovyMethods.each(CpsDefaultGroovyMethods:2151)
	at org.jenkinsci.plugins.pipeline.modeldefinition.ModelInterpreter.runPostConditions(ModelInterpreter.groovy:717)
	at org.jenkinsci.plugins.pipeline.modeldefinition.ModelInterpreter.executeSingleStage(ModelInterpreter.groovy:644)
	at org.jenkinsci.plugins.pipeline.modeldefinition.ModelInterpreter.evaluateStage(ModelInterpreter.groovy:292)
	at ___cps.transform___(Native Method)
	at PluginClassLoader for workflow-cps//com.cloudbees.groovy.cps.impl.ContinuationGroup.methodCall(ContinuationGroup.java:90)
	at PluginClassLoader for workflow-cps//com.cloudbees.groovy.cps.impl.FunctionCallBlock$ContinuationImpl.dispatchOrArg(FunctionCallBlock.java:114)
	at PluginClassLoader for workflow-cps//com.cloudbees.groovy.cps.impl.FunctionCallBlock$ContinuationImpl.fixArg(FunctionCallBlock.java:83)
	at java.base/jdk.internal.reflect.DirectMethodHandleAccessor.invoke(Unknown Source)
	at java.base/java.lang.reflect.Method.invoke(Unknown Source)
	at PluginClassLoader for workflow-cps//com.cloudbees.groovy.cps.impl.ContinuationPtr$ContinuationImpl.receive(ContinuationPtr.java:72)
	at PluginClassLoader for workflow-cps//com.cloudbees.groovy.cps.impl.ConstantBlock.eval(ConstantBlock.java:21)
	at PluginClassLoader for workflow-cps//com.cloudbees.groovy.cps.Next.step(Next.java:83)
	at PluginClassLoader for workflow-cps//com.cloudbees.groovy.cps.Continuable.run0(Continuable.java:147)
	at PluginClassLoader for workflow-cps//org.jenkinsci.plugins.workflow.cps.SandboxContinuable.access$001(SandboxContinuable.java:17)
	at PluginClassLoader for workflow-cps//org.jenkinsci.plugins.workflow.cps.SandboxContinuable.run0(SandboxContinuable.java:49)
	at PluginClassLoader for workflow-cps//org.jenkinsci.plugins.workflow.cps.CpsThread.runNextChunk(CpsThread.java:181)
	at PluginClassLoader for workflow-cps//org.jenkinsci.plugins.workflow.cps.CpsThreadGroup.run(CpsThreadGroup.java:437)
	at PluginClassLoader for workflow-cps//org.jenkinsci.plugins.workflow.cps.CpsThreadGroup$2.call(CpsThreadGroup.java:345)
	at PluginClassLoader for workflow-cps//org.jenkinsci.plugins.workflow.cps.CpsThreadGroup$2.call(CpsThreadGroup.java:298)
	at PluginClassLoader for workflow-cps//org.jenkinsci.plugins.workflow.cps.CpsVmExecutorService.lambda$wrap$4(CpsVmExecutorService.java:140)
	at java.base/java.util.concurrent.FutureTask.run(Unknown Source)
	at hudson.remoting.SingleLaneExecutorService$1.run(SingleLaneExecutorService.java:139)
	at jenkins.util.ContextResettingExecutorService$1.run(ContextResettingExecutorService.java:28)
	at jenkins.security.ImpersonatingExecutorService$1.run(ImpersonatingExecutorService.java:68)
	at jenkins.util.ErrorLoggingExecutorService.lambda$wrap$0(ErrorLoggingExecutorService.java:51)
	at java.base/java.util.concurrent.Executors$RunnableAdapter.call(Unknown Source)
	at java.base/java.util.concurrent.FutureTask.run(Unknown Source)
	at java.base/java.util.concurrent.ThreadPoolExecutor.runWorker(Unknown Source)
	at java.base/java.util.concurrent.ThreadPoolExecutor$Worker.run(Unknown Source)
	at PluginClassLoader for workflow-cps//org.jenkinsci.plugins.workflow.cps.CpsVmExecutorService$1.call(CpsVmExecutorService.java:53)
	at PluginClassLoader for workflow-cps//org.jenkinsci.plugins.workflow.cps.CpsVmExecutorService$1.call(CpsVmExecutorService.java:50)
	at org.codehaus.groovy.runtime.GroovyCategorySupport$ThreadCategoryInfo.use(GroovyCategorySupport.java:136)
	at org.codehaus.groovy.runtime.GroovyCategorySupport.use(GroovyCategorySupport.java:275)
	at PluginClassLoader for workflow-cps//org.jenkinsci.plugins.workflow.cps.CpsVmExecutorService.lambda$categoryThreadFactory$0(CpsVmExecutorService.java:50)
	at java.base/java.lang.Thread.run(Unknown Source)

[Pipeline] }
[Pipeline] // withEnv
[Pipeline] }
[Pipeline] // stage
[Pipeline] stage
[Pipeline] { (Construir Imagen Docker)
Stage "Construir Imagen Docker" skipped due to earlier failure(s)
[Pipeline] getContext
[Pipeline] }
[Pipeline] // stage
[Pipeline] stage
[Pipeline] { (Detener Contenedor Anterior)
Stage "Detener Contenedor Anterior" skipped due to earlier failure(s)
[Pipeline] getContext
[Pipeline] }
[Pipeline] // stage
[Pipeline] stage
[Pipeline] { (Desplegar Aplicación)
Stage "Desplegar Aplicación" skipped due to earlier failure(s)
[Pipeline] getContext
[Pipeline] }
[Pipeline] // stage
[Pipeline] stage
[Pipeline] { (Test de Integración)
Stage "Test de Integración" skipped due to earlier failure(s)
[Pipeline] getContext
[Pipeline] }
[Pipeline] // stage
[Pipeline] stage
[Pipeline] { (Declarative: Post Actions)
[Pipeline] script
[Pipeline] {
[Pipeline] echo
Limpiando workspace...
[Pipeline] sh
+ rm -f *.log
[Pipeline] }
[Pipeline] // script
[Pipeline] echo
❌ El despliegue falló. Revisa los logs para más detalles.
[Pipeline] script
[Pipeline] {
[Pipeline] sh
+ echo === INFORMACIÓN DE DEBUG ===
=== INFORMACIÓN DE DEBUG ===
+ echo ❌ Build fallido: 4
❌ Build fallido: 4
+ echo Contenedores activos:
Contenedores activos:
+ docker ps -a
/var/jenkins_home/workspace/comments-app-pipeline@tmp/durable-32784226/script.sh.copy: 5: docker: not found
+ grep comments-app
+ echo No hay contenedores comments-app
No hay contenedores comments-app
+ echo Logs del contenedor (si existe):
Logs del contenedor (si existe):
+ docker logs comments-app
/var/jenkins_home/workspace/comments-app-pipeline@tmp/durable-32784226/script.sh.copy: 7: docker: not found
+ echo No se pueden obtener logs
No se pueden obtener logs
[Pipeline] }
[Pipeline] // script
[Pipeline] }
[Pipeline] // stage
[Pipeline] }
[Pipeline] // withEnv
[Pipeline] }
[Pipeline] // withEnv
[Pipeline] }
[Pipeline] // node
[Pipeline] End of Pipeline
ERROR: script returned exit code 127
Finished: FAILURE
